[2025-07-23 09:35:33] INFO: Broadcasted initial sync status:
[2025-07-23 09:35:33] INFO: [Valid Order IDs]:
[2025-07-23 09:35:33] INFO: [Starting sync for Order ID: 66c5f91c83400668a74b54b6]
[2025-07-23 09:35:34] INFO: Broadcasted sync progress (Orders):
[2025-07-23 09:35:34] INFO: [Starting sync for Order ID: 66c5f80fc78c9336766bf5b1]
[2025-07-23 09:35:35] INFO: Broadcasted sync progress (Orders):
[2025-07-23 09:35:35] INFO: [Starting sync for Order ID: 66c4a2d5a87ec6c9fa9c9995]
[2025-07-23 09:35:35] INFO: Broadcasted sync progress (Orders):
[2025-07-23 09:35:35] INFO: [Starting sync for Order ID: 66c49cf328a465095d268ccf]
[2025-07-23 09:35:36] INFO: Broadcasted sync progress (Orders):
[2025-07-23 09:35:36] INFO: [Starting sync for Order ID: 66c357926a7436574d78770c]
[2025-07-23 09:35:37] INFO: Broadcasted sync progress (Orders):
[2025-07-23 09:35:37] INFO: [Starting sync for Order ID: 66c3571f07d5f69433411b32]
[2025-07-23 09:35:37] INFO: Broadcasted sync progress (Orders):
[2025-07-23 09:35:37] INFO: [Starting sync for Order ID: 66c356325478d22b7d2bc98e]
[2025-07-23 09:35:38] INFO: Broadcasted sync progress (Orders):
[2025-07-23 09:35:38] INFO: [Starting sync for Order ID: 66c355de22172d7370e20023]
[2025-07-23 09:35:39] INFO: Broadcasted sync progress (Orders):
[2025-07-23 09:35:39] INFO: [Starting sync for Order ID: 66bc1cc95c8003630adc039d]
[2025-07-23 09:35:39] INFO: Broadcasted sync progress (Orders):
[2025-07-23 09:35:39] INFO: [Starting sync for Order ID: 66bc1c7b32bc9243f28777fa]
[2025-07-23 09:35:40] INFO: Broadcasted sync progress (Orders):
[2025-07-23 09:35:40] INFO: [Starting sync for Order ID: 66bc1c32b685d51906b6791a]
[2025-07-23 09:35:41] INFO: Broadcasted sync progress (Orders):
[2025-07-23 09:35:41] INFO: [Starting sync for Order ID: 66bc1bf832bc9261bc8777ed]
[2025-07-23 09:35:41] INFO: Broadcasted sync progress (Orders):
[2025-07-23 09:35:41] INFO: [Starting sync for Order ID: 66bc1b5e32bc923f6e8777c9]
[2025-07-23 09:35:42] INFO: Broadcasted sync progress (Orders):
[2025-07-23 09:35:42] INFO: [Starting sync for Order ID: 66bc1b176fa090696b4d3cb5]
[2025-07-23 09:35:43] INFO: Broadcasted sync progress (Orders):
[2025-07-23 09:35:43] INFO: [Starting sync for Order ID: 66bc1ac09b0606665688a4f0]
[2025-07-23 09:35:44] INFO: Broadcasted sync progress (Orders):
[2025-07-23 09:35:44] INFO: [Starting sync for Order ID: 66bc1a67bce5d33e1ec05d6d]
[2025-07-23 09:35:44] INFO: Broadcasted sync progress (Orders):
[2025-07-23 09:35:44] INFO: [Starting sync for Order ID: 66bc19f0c5672877dcec6511]
[2025-07-23 09:35:45] INFO: Broadcasted sync progress (Orders):
[2025-07-23 09:35:45] INFO: [Starting sync for Order ID: 66bc19a19b06065ff088a4cf]
[2025-07-23 09:35:45] INFO: Broadcasted sync progress (Orders):
[2025-07-23 09:35:46] INFO: Broadcasted sync ticket progress:
[2025-07-23 09:35:46] INFO: Broadcasted sync ticket progress:
[2025-07-23 09:35:46] INFO: Broadcasted sync progress:
[2025-07-23 09:35:46] INFO: Broadcasted sync ticket progress:
[2025-07-23 09:35:47] INFO: Broadcasted sync ticket progress:
[2025-07-23 09:35:47] INFO: Broadcasted sync progress:
[2025-07-23 09:35:47] INFO: Broadcasted sync ticket progress:
[2025-07-23 09:35:47] INFO: Broadcasted sync ticket progress:
[2025-07-23 09:35:47] INFO: Broadcasted sync progress:
[2025-07-23 09:35:48] INFO: Broadcasted sync ticket progress:
[2025-07-23 09:35:48] INFO: Broadcasted sync ticket progress:
[2025-07-23 09:35:48] INFO: Broadcasted sync progress:
[2025-07-23 09:35:48] INFO: Broadcasted sync ticket progress:
[2025-07-23 09:35:49] INFO: Broadcasted sync ticket progress:
[2025-07-23 09:35:49] INFO: Broadcasted sync progress:
[2025-07-23 09:35:49] INFO: Broadcasted sync ticket progress:
[2025-07-23 09:35:49] INFO: Broadcasted sync ticket progress:
[2025-07-23 09:35:49] INFO: Broadcasted sync progress:
[2025-07-23 09:35:50] INFO: Broadcasted sync ticket progress:
[2025-07-23 09:35:50] INFO: Broadcasted sync ticket progress:
[2025-07-23 09:35:50] INFO: Broadcasted sync progress:
[2025-07-23 09:35:50] INFO: Broadcasted sync ticket progress:
[2025-07-23 09:35:51] INFO: Broadcasted sync ticket progress:
[2025-07-23 09:35:51] INFO: Broadcasted sync progress:
[2025-07-23 09:35:51] INFO: Broadcasted sync ticket progress:
[2025-07-23 09:35:51] INFO: Broadcasted sync progress:
[2025-07-23 09:35:51] INFO: Broadcasted sync ticket progress:
[2025-07-23 09:35:51] INFO: Broadcasted sync progress:
[2025-07-23 09:35:52] INFO: Broadcasted sync ticket progress:
[2025-07-23 09:35:52] INFO: Broadcasted sync progress:
[2025-07-23 09:35:52] INFO: Broadcasted sync ticket progress:
[2025-07-23 09:35:52] INFO: Broadcasted sync progress:
[2025-07-23 09:35:52] INFO: Broadcasted sync ticket progress:
[2025-07-23 09:35:52] INFO: Broadcasted sync progress:
[2025-07-23 09:35:53] INFO: Broadcasted sync ticket progress:
[2025-07-23 09:35:53] INFO: Broadcasted sync progress:
[2025-07-23 09:35:53] INFO: Broadcasted sync ticket progress:
[2025-07-23 09:35:53] INFO: Broadcasted sync progress:
[2025-07-23 09:35:53] INFO: Broadcasted sync ticket progress:
[2025-07-23 09:35:53] INFO: Broadcasted sync progress:
[2025-07-23 09:35:54] INFO: Broadcasted sync ticket progress:
[2025-07-23 09:35:54] INFO: Broadcasted sync ticket progress:
[2025-07-23 09:35:54] INFO: Broadcasted sync progress:
[2025-07-23 09:35:54] INFO: Broadcasted sync ticket progress:
[2025-07-23 09:35:55] INFO: Broadcasted sync ticket progress:
[2025-07-23 09:35:55] INFO: Broadcasted sync progress:
[2025-07-23 09:35:55] INFO: Broadcasted ticket verification phase started.
[2025-07-23 09:35:55] INFO: 
      =============================================
      SYNC PROCESS SUCCESSFUL!
      TOTAL ORDERS SYNCED: 18
      TOTAL TICKETS ADDED: 0
      TOTAL TIME TAKEN: 0 min 21 sec
      =============================================
    
