[2025-07-28 08:21:38] INFO: Broadcasted initial sync status:
[2025-07-28 08:21:38] INFO: [Valid Order IDs]:
[2025-07-28 08:21:38] INFO: [Starting sync for Order ID: 688377eb3de9f4167cbfa318]
[2025-07-28 08:21:39] INFO: Broadcasted sync progress (Orders):
[2025-07-28 08:21:39] INFO: [Starting sync for Order ID: 6878082ba021e7bb70853f2a]
[2025-07-28 08:21:39] INFO: Broadcasted sync progress (Orders):
[2025-07-28 08:21:39] INFO: [Starting sync for Order ID: 6877f44e51aa4549423a6462]
[2025-07-28 08:21:41] INFO: Broadcasted sync progress (Orders):
[2025-07-28 08:21:41] INFO: [Starting sync for Order ID: 6877f40e8b72e27a4ba3da5a]
[2025-07-28 08:21:42] INFO: Broadcasted sync progress (Orders):
[2025-07-28 08:21:42] INFO: [Inserting missing 2/20/25 - Demopolis Wild Game Cook-Off Ticket ticket for order 688377eb3de9f4167cbfa318]
[2025-07-28 08:21:42] INFO: Broadcasted sync ticket progress:
[2025-07-28 08:21:42] INFO: Broadcasted sync progress:
[2025-07-28 08:21:43] INFO: Broadcasted sync ticket progress:
[2025-07-28 08:21:43] INFO: Broadcasted sync ticket progress:
[2025-07-28 08:21:43] INFO: Broadcasted sync progress:
[2025-07-28 08:21:43] INFO: Broadcasted sync ticket progress:
[2025-07-28 08:21:43] INFO: Broadcasted sync progress:
[2025-07-28 08:21:44] INFO: Broadcasted sync ticket progress:
[2025-07-28 08:21:44] INFO: Broadcasted sync progress:
[2025-07-28 08:21:44] INFO: Broadcasted ticket verification phase started.
[2025-07-28 08:21:44] INFO: 
      =============================================
      SYNC PROCESS SUCCESSFUL!
      TOTAL ORDERS SYNCED: 4
      TOTAL TICKETS ADDED: 1
      TOTAL TIME TAKEN: 0 min 5 sec
      =============================================
    
