[2025-08-05 14:07:18] INFO: Broadcasted initial sync status:
[2025-08-05 14:07:18] INFO: [Valid Order IDs]:
[2025-08-05 14:07:18] INFO: [Starting sync for Order ID: 6890bcb6dcfdd8ffd3adc4f4]
[2025-08-05 14:07:19] INFO: Broadcasted sync progress (Orders):
[2025-08-05 14:07:19] INFO: [Starting sync for Order ID: 688f8525d217bb0c2f70eb71]
[2025-08-05 14:07:20] INFO: Broadcasted sync progress (Orders):
[2025-08-05 14:07:20] INFO: [Starting sync for Order ID: 688f847ef415ef147005258d]
[2025-08-05 14:07:21] INFO: Broadcasted sync progress (Orders):
[2025-08-05 14:07:21] INFO: [Starting sync for Order ID: 688f83bff415ef09e20506cd]
[2025-08-05 14:07:24] INFO: Broadcasted sync progress (Orders):
[2025-08-05 14:07:24] INFO: [Starting sync for Order ID: 688377eb3de9f4167cbfa318]
[2025-08-05 14:07:25] INFO: Broadcasted sync progress (Orders):
[2025-08-05 14:07:25] INFO: [Starting sync for Order ID: 6878082ba021e7bb70853f2a]
[2025-08-05 14:07:25] INFO: Broadcasted sync progress (Orders):
[2025-08-05 14:07:25] INFO: [Starting sync for Order ID: 6877f44e51aa4549423a6462]
[2025-08-05 14:07:28] INFO: Broadcasted sync progress (Orders):
[2025-08-05 14:07:28] INFO: [Starting sync for Order ID: 6877f40e8b72e27a4ba3da5a]
[2025-08-05 14:07:28] INFO: Broadcasted sync progress (Orders):
[2025-08-05 14:07:29] INFO: Broadcasted sync ticket progress:
[2025-08-05 14:07:29] INFO: Broadcasted sync progress:
[2025-08-05 14:07:29] INFO: Broadcasted sync ticket progress:
[2025-08-05 14:07:29] INFO: Broadcasted sync progress:
[2025-08-05 14:07:29] INFO: Broadcasted sync ticket progress:
[2025-08-05 14:07:29] INFO: Broadcasted sync progress:
[2025-08-05 14:07:30] INFO: Broadcasted sync ticket progress:
[2025-08-05 14:07:30] INFO: Broadcasted sync progress:
[2025-08-05 14:07:30] INFO: Broadcasted sync ticket progress:
[2025-08-05 14:07:30] INFO: Broadcasted sync progress:
[2025-08-05 14:07:30] INFO: Broadcasted sync ticket progress:
[2025-08-05 14:07:31] INFO: Broadcasted sync ticket progress:
[2025-08-05 14:07:31] INFO: Broadcasted sync progress:
[2025-08-05 14:07:31] INFO: Broadcasted sync ticket progress:
[2025-08-05 14:07:31] INFO: Broadcasted sync progress:
[2025-08-05 14:07:31] INFO: Broadcasted sync ticket progress:
[2025-08-05 14:07:31] INFO: Broadcasted sync progress:
[2025-08-05 14:07:31] INFO: Broadcasted ticket verification phase started.
[2025-08-05 14:07:31] INFO: 
      =============================================
      SYNC PROCESS SUCCESSFUL!
      TOTAL ORDERS SYNCED: 8
      TOTAL TICKETS ADDED: 0
      TOTAL TIME TAKEN: 0 min 12 sec
      =============================================
    
