[2025-07-23 11:55:36] INFO: Broadcasted initial sync status:
[2025-07-23 11:55:36] INFO: [Valid Order IDs]:
[2025-07-23 11:55:36] INFO: [Starting sync for Order ID: 66c5f91c83400668a74b54b6]
[2025-07-23 11:55:37] INFO: Broadcasted sync progress (Orders):
[2025-07-23 11:55:37] INFO: [Starting sync for Order ID: 66c5f80fc78c9336766bf5b1]
[2025-07-23 11:55:37] INFO: Broadcasted sync progress (Orders):
[2025-07-23 11:55:37] INFO: [Starting sync for Order ID: 66c4a2d5a87ec6c9fa9c9995]
[2025-07-23 11:55:38] INFO: Broadcasted sync progress (Orders):
[2025-07-23 11:55:38] INFO: [Starting sync for Order ID: 66c49cf328a465095d268ccf]
[2025-07-23 11:55:39] INFO: Broadcasted sync progress (Orders):
[2025-07-23 11:55:39] INFO: [Starting sync for Order ID: 66c357926a7436574d78770c]
[2025-07-23 11:55:39] INFO: Broadcasted sync progress (Orders):
[2025-07-23 11:55:39] INFO: [Starting sync for Order ID: 66c3571f07d5f69433411b32]
[2025-07-23 11:55:40] INFO: Broadcasted sync progress (Orders):
[2025-07-23 11:55:40] INFO: [Starting sync for Order ID: 66c356325478d22b7d2bc98e]
[2025-07-23 11:55:41] INFO: Broadcasted sync progress (Orders):
[2025-07-23 11:55:41] INFO: [Starting sync for Order ID: 66c355de22172d7370e20023]
[2025-07-23 11:55:41] INFO: Broadcasted sync progress (Orders):
[2025-07-23 11:55:41] INFO: [Starting sync for Order ID: 66bc1cc95c8003630adc039d]
[2025-07-23 11:55:42] INFO: Broadcasted sync progress (Orders):
[2025-07-23 11:55:42] INFO: [Starting sync for Order ID: 66bc1c7b32bc9243f28777fa]
[2025-07-23 11:55:43] INFO: Broadcasted sync progress (Orders):
[2025-07-23 11:55:43] INFO: [Starting sync for Order ID: 66bc1c32b685d51906b6791a]
[2025-07-23 11:55:43] INFO: Broadcasted sync progress (Orders):
[2025-07-23 11:55:43] INFO: [Starting sync for Order ID: 66bc1bf832bc9261bc8777ed]
[2025-07-23 11:55:44] INFO: Broadcasted sync progress (Orders):
[2025-07-23 11:55:44] INFO: [Starting sync for Order ID: 66bc1b5e32bc923f6e8777c9]
[2025-07-23 11:55:45] INFO: Broadcasted sync progress (Orders):
[2025-07-23 11:55:45] INFO: [Starting sync for Order ID: 66bc1b176fa090696b4d3cb5]
[2025-07-23 11:55:45] INFO: Broadcasted sync progress (Orders):
[2025-07-23 11:55:45] INFO: [Starting sync for Order ID: 66bc1ac09b0606665688a4f0]
[2025-07-23 11:55:46] INFO: Broadcasted sync progress (Orders):
[2025-07-23 11:55:46] INFO: [Starting sync for Order ID: 66bc1a67bce5d33e1ec05d6d]
[2025-07-23 11:55:47] INFO: Broadcasted sync progress (Orders):
[2025-07-23 11:55:47] INFO: [Starting sync for Order ID: 66bc19f0c5672877dcec6511]
[2025-07-23 11:55:47] INFO: Broadcasted sync progress (Orders):
[2025-07-23 11:55:47] INFO: [Starting sync for Order ID: 66bc19a19b06065ff088a4cf]
[2025-07-23 11:55:48] INFO: Broadcasted sync progress (Orders):
[2025-07-23 11:55:48] INFO: Broadcasted sync ticket progress:
[2025-07-23 11:55:49] INFO: Broadcasted sync ticket progress:
[2025-07-23 11:55:49] INFO: Broadcasted sync progress:
[2025-07-23 11:55:49] INFO: Broadcasted sync ticket progress:
[2025-07-23 11:55:49] INFO: Broadcasted sync ticket progress:
[2025-07-23 11:55:49] INFO: Broadcasted sync progress:
[2025-07-23 11:55:50] INFO: Broadcasted sync ticket progress:
[2025-07-23 11:55:50] INFO: Broadcasted sync ticket progress:
[2025-07-23 11:55:50] INFO: Broadcasted sync progress:
[2025-07-23 11:55:50] INFO: Broadcasted sync ticket progress:
[2025-07-23 11:55:51] INFO: Broadcasted sync ticket progress:
[2025-07-23 11:55:51] INFO: Broadcasted sync progress:
[2025-07-23 11:55:51] INFO: Broadcasted sync ticket progress:
[2025-07-23 11:55:51] INFO: Broadcasted sync ticket progress:
[2025-07-23 11:55:51] INFO: Broadcasted sync progress:
[2025-07-23 11:55:52] INFO: Broadcasted sync ticket progress:
[2025-07-23 11:55:52] INFO: Broadcasted sync ticket progress:
[2025-07-23 11:55:52] INFO: Broadcasted sync progress:
[2025-07-23 11:55:52] INFO: Broadcasted sync ticket progress:
[2025-07-23 11:55:53] INFO: Broadcasted sync ticket progress:
[2025-07-23 11:55:53] INFO: Broadcasted sync progress:
[2025-07-23 11:55:53] INFO: Broadcasted sync ticket progress:
[2025-07-23 11:55:53] INFO: Broadcasted sync ticket progress:
[2025-07-23 11:55:53] INFO: Broadcasted sync progress:
[2025-07-23 11:55:53] INFO: Broadcasted sync ticket progress:
[2025-07-23 11:55:53] INFO: Broadcasted sync progress:
[2025-07-23 11:55:54] INFO: Broadcasted sync ticket progress:
[2025-07-23 11:55:54] INFO: Broadcasted sync progress:
[2025-07-23 11:55:54] INFO: Broadcasted sync ticket progress:
[2025-07-23 11:55:54] INFO: Broadcasted sync progress:
[2025-07-23 11:55:54] INFO: Broadcasted sync ticket progress:
[2025-07-23 11:55:54] INFO: Broadcasted sync progress:
[2025-07-23 11:55:55] INFO: Broadcasted sync ticket progress:
[2025-07-23 11:55:55] INFO: Broadcasted sync progress:
[2025-07-23 11:55:55] INFO: Broadcasted sync ticket progress:
[2025-07-23 11:55:55] INFO: Broadcasted sync progress:
[2025-07-23 11:55:55] INFO: Broadcasted sync ticket progress:
[2025-07-23 11:55:55] INFO: Broadcasted sync progress:
[2025-07-23 11:55:56] INFO: Broadcasted sync ticket progress:
[2025-07-23 11:55:56] INFO: Broadcasted sync progress:
[2025-07-23 11:55:56] INFO: Broadcasted sync ticket progress:
[2025-07-23 11:55:56] INFO: Broadcasted sync ticket progress:
[2025-07-23 11:55:56] INFO: Broadcasted sync progress:
[2025-07-23 11:55:57] INFO: Broadcasted sync ticket progress:
[2025-07-23 11:55:57] INFO: Broadcasted sync ticket progress:
[2025-07-23 11:55:57] INFO: Broadcasted sync progress:
[2025-07-23 11:55:57] INFO: Broadcasted ticket verification phase started.
[2025-07-23 11:55:57] INFO: 
      =============================================
      SYNC PROCESS SUCCESSFUL!
      TOTAL ORDERS SYNCED: 18
      TOTAL TICKETS ADDED: 0
      TOTAL TIME TAKEN: 0 min 21 sec
      =============================================
    
