[2025-07-23 11:02:10] INFO: Broadcasted initial sync status:
[2025-07-23 11:02:10] INFO: [Valid Order IDs]:
[2025-07-23 11:02:10] INFO: [Starting sync for Order ID: 66c5f91c83400668a74b54b6]
[2025-07-23 11:02:11] INFO: Broadcasted sync progress (Orders):
[2025-07-23 11:02:11] INFO: [Starting sync for Order ID: 66c5f80fc78c9336766bf5b1]
[2025-07-23 11:02:12] INFO: Broadcasted sync progress (Orders):
[2025-07-23 11:02:12] INFO: [Starting sync for Order ID: 66c4a2d5a87ec6c9fa9c9995]
[2025-07-23 11:02:12] INFO: Broadcasted sync progress (Orders):
[2025-07-23 11:02:12] INFO: [Starting sync for Order ID: 66c49cf328a465095d268ccf]
[2025-07-23 11:02:13] INFO: Broadcasted sync progress (Orders):
[2025-07-23 11:02:13] INFO: [Starting sync for Order ID: 66c357926a7436574d78770c]
[2025-07-23 11:02:14] INFO: Broadcasted sync progress (Orders):
[2025-07-23 11:02:14] INFO: [Starting sync for Order ID: 66c3571f07d5f69433411b32]
[2025-07-23 11:02:14] INFO: Broadcasted sync progress (Orders):
[2025-07-23 11:02:14] INFO: [Starting sync for Order ID: 66c356325478d22b7d2bc98e]
[2025-07-23 11:02:15] INFO: Broadcasted sync progress (Orders):
[2025-07-23 11:02:15] INFO: [Starting sync for Order ID: 66c355de22172d7370e20023]
[2025-07-23 11:02:16] INFO: Broadcasted sync progress (Orders):
[2025-07-23 11:02:16] INFO: [Starting sync for Order ID: 66bc1cc95c8003630adc039d]
[2025-07-23 11:02:16] INFO: Broadcasted sync progress (Orders):
[2025-07-23 11:02:16] INFO: [Starting sync for Order ID: 66bc1c7b32bc9243f28777fa]
[2025-07-23 11:02:17] INFO: Broadcasted sync progress (Orders):
[2025-07-23 11:02:17] INFO: [Starting sync for Order ID: 66bc1c32b685d51906b6791a]
[2025-07-23 11:02:17] INFO: Broadcasted sync progress (Orders):
[2025-07-23 11:02:17] INFO: [Starting sync for Order ID: 66bc1bf832bc9261bc8777ed]
[2025-07-23 11:02:18] INFO: Broadcasted sync progress (Orders):
[2025-07-23 11:02:18] INFO: [Starting sync for Order ID: 66bc1b5e32bc923f6e8777c9]
[2025-07-23 11:02:19] INFO: Broadcasted sync progress (Orders):
[2025-07-23 11:02:19] INFO: [Starting sync for Order ID: 66bc1b176fa090696b4d3cb5]
[2025-07-23 11:02:19] INFO: Broadcasted sync progress (Orders):
[2025-07-23 11:02:19] INFO: [Starting sync for Order ID: 66bc1ac09b0606665688a4f0]
[2025-07-23 11:02:20] INFO: Broadcasted sync progress (Orders):
[2025-07-23 11:02:20] INFO: [Starting sync for Order ID: 66bc1a67bce5d33e1ec05d6d]
[2025-07-23 11:02:21] INFO: Broadcasted sync progress (Orders):
[2025-07-23 11:02:21] INFO: [Starting sync for Order ID: 66bc19f0c5672877dcec6511]
[2025-07-23 11:02:21] INFO: Broadcasted sync progress (Orders):
[2025-07-23 11:02:21] INFO: [Starting sync for Order ID: 66bc19a19b06065ff088a4cf]
[2025-07-23 11:02:22] INFO: Broadcasted sync progress (Orders):
[2025-07-23 11:02:22] INFO: Broadcasted sync ticket progress:
[2025-07-23 11:02:22] INFO: Broadcasted sync ticket progress:
[2025-07-23 11:02:22] INFO: Broadcasted sync progress:
[2025-07-23 11:02:23] INFO: Broadcasted sync ticket progress:
[2025-07-23 11:02:23] INFO: Broadcasted sync ticket progress:
[2025-07-23 11:02:23] INFO: Broadcasted sync progress:
[2025-07-23 11:02:23] INFO: Broadcasted sync ticket progress:
[2025-07-23 11:02:24] INFO: Broadcasted sync ticket progress:
[2025-07-23 11:02:24] INFO: Broadcasted sync progress:
[2025-07-23 11:02:24] INFO: Broadcasted sync ticket progress:
[2025-07-23 11:02:24] INFO: Broadcasted sync ticket progress:
[2025-07-23 11:02:24] INFO: Broadcasted sync progress:
[2025-07-23 11:02:25] INFO: Broadcasted sync ticket progress:
[2025-07-23 11:02:25] INFO: Broadcasted sync ticket progress:
[2025-07-23 11:02:25] INFO: Broadcasted sync progress:
[2025-07-23 11:02:25] INFO: Broadcasted sync ticket progress:
[2025-07-23 11:02:26] INFO: Broadcasted sync ticket progress:
[2025-07-23 11:02:26] INFO: Broadcasted sync progress:
[2025-07-23 11:02:26] INFO: Broadcasted sync ticket progress:
[2025-07-23 11:02:26] INFO: Broadcasted sync ticket progress:
[2025-07-23 11:02:26] INFO: Broadcasted sync progress:
[2025-07-23 11:02:27] INFO: Broadcasted sync ticket progress:
[2025-07-23 11:02:27] INFO: Broadcasted sync ticket progress:
[2025-07-23 11:02:27] INFO: Broadcasted sync progress:
[2025-07-23 11:02:27] INFO: Broadcasted sync ticket progress:
[2025-07-23 11:02:27] INFO: Broadcasted sync progress:
[2025-07-23 11:02:28] INFO: Broadcasted sync ticket progress:
[2025-07-23 11:02:28] INFO: Broadcasted sync progress:
[2025-07-23 11:02:28] INFO: Broadcasted sync ticket progress:
[2025-07-23 11:02:28] INFO: Broadcasted sync progress:
[2025-07-23 11:02:28] INFO: Broadcasted sync ticket progress:
[2025-07-23 11:02:28] INFO: Broadcasted sync progress:
[2025-07-23 11:02:29] INFO: Broadcasted sync ticket progress:
[2025-07-23 11:02:29] INFO: Broadcasted sync progress:
[2025-07-23 11:02:29] INFO: Broadcasted sync ticket progress:
[2025-07-23 11:02:29] INFO: Broadcasted sync progress:
[2025-07-23 11:02:29] INFO: Broadcasted sync ticket progress:
[2025-07-23 11:02:29] INFO: Broadcasted sync progress:
[2025-07-23 11:02:29] INFO: Broadcasted sync ticket progress:
[2025-07-23 11:02:29] INFO: Broadcasted sync progress:
[2025-07-23 11:02:30] INFO: Broadcasted sync ticket progress:
[2025-07-23 11:02:30] INFO: Broadcasted sync ticket progress:
[2025-07-23 11:02:30] INFO: Broadcasted sync progress:
[2025-07-23 11:02:30] INFO: Broadcasted sync ticket progress:
[2025-07-23 11:02:31] INFO: Broadcasted sync ticket progress:
[2025-07-23 11:02:31] INFO: Broadcasted sync progress:
[2025-07-23 11:02:31] INFO: Broadcasted ticket verification phase started.
[2025-07-23 11:02:31] INFO: 
      =============================================
      SYNC PROCESS SUCCESSFUL!
      TOTAL ORDERS SYNCED: 18
      TOTAL TICKETS ADDED: 0
      TOTAL TIME TAKEN: 0 min 20 sec
      =============================================
    
